<?xml version="1.0" encoding="UTF-8"?>
<testsuite xmlns:xsi="http://www.w3.org/2001/XMLSchema-instance" xsi:noNamespaceSchemaLocation="https://maven.apache.org/surefire/maven-surefire-plugin/xsd/surefire-test-report.xsd" version="3.0.2" name="playlistdownload.example.playlist_download.PlaylistDownloadApplicationTests" time="13.509" tests="1" errors="0" skipped="0" failures="0">
  <properties>
[...]
</properties>
  <testcase name="contextLoads" classname="playlistdownload.example.playlist_download.PlaylistDownloadApplicationTests" time="2.976">
    <system-out><![CDATA[13:23:05.476 [main] INFO org.springframework.test.context.support.AnnotationConfigContextLoaderUtils -- Could not detect default configuration classes for test class [playlistdownload.example.playlist_download.PlaylistDownloadApplicationTests]: PlaylistDownloadApplicationTests does not declare any static, non-private, non-final, nested classes annotated with @Configuration.
13:23:05.970 [main] INFO org.springframework.boot.test.context.SpringBootTestContextBootstrapper -- Found @SpringBootConfiguration playlistdownload.example.playlist_download.PlaylistDownloadApplication for test class playlistdownload.example.playlist_download.PlaylistDownloadApplicationTests
13:23:06.909 [main] INFO org.springframework.boot.devtools.restart.RestartApplicationListener -- Restart disabled due to context in which it is running

  .   ____          _            __ _ _
 /\\ / ___'_ __ _ _(_)_ __  __ _ \ \ \ \
( ( )\___ | '_ | '_| | '_ \/ _` | \ \ \ \
 \\/  ___)| |_)| | | | | || (_| |  ) ) ) )
  '  |____| .__|_| |_|_| |_\__, | / / / /
 =========|_|==============|___/=/_/_/_/

 :: Spring Boot ::                (v3.4.2)

2025-02-19T13:23:08.207+05:30  INFO 4984 --- [playlist-download] [           main] p.e.p.PlaylistDownloadApplicationTests   : Starting PlaylistDownloadApplicationTests using Java 21.0.6 with PID 4984 (started by uncodemy in C:\Users\sanis\OneDrive\Desktop\playlist-download\playlist-download)
2025-02-19T13:23:08.213+05:30  INFO 4984 --- [playlist-download] [           main] p.e.p.PlaylistDownloadApplicationTests   : No active profile set, falling back to 1 default profile: "default"
2025-02-19T13:23:14.374+05:30  WARN 4984 --- [playlist-download] [           main] ion$DefaultTemplateResolverConfiguration : Cannot find template location: classpath:/templates/ (please add some templates, check your Thymeleaf configuration, or set spring.thymeleaf.check-template-location=false)
2025-02-19T13:23:14.902+05:30  INFO 4984 --- [playlist-download] [           main] p.e.p.PlaylistDownloadApplicationTests   : Started PlaylistDownloadApplicationTests in 8.049 seconds (process running for 12.736)
]]></system-out>
    <system-err><![CDATA[Mockito is currently self-attaching to enable the inline-mock-maker. This will no longer work in future releases of the JDK. Please add Mockito as an agent to your build what is described in Mockito's documentation: https://javadoc.io/doc/org.mockito/mockito-core/latest/org/mockito/Mockito.html#0.3
WARNING: A Java agent has been loaded dynamically (C:\Users\sanis\.m2\repository\net\bytebuddy\byte-buddy-agent\1.15.11\byte-buddy-agent-1.15.11.jar)
WARNING: If a serviceability tool is in use, please run with -XX:+EnableDynamicAgentLoading to hide this warning
WARNING: If a serviceability tool is not in use, please run with -Djdk.instrument.traceUsage for more information
WARNING: Dynamic loading of agents will be disallowed by default in a future release
]]></system-err>
  </testcase>
</testsuite>